#
# There is insufficient memory for the Java Runtime Environment to continue.
# Native memory allocation (mmap) failed to map 716177408 bytes for committing reserved memory.
# Possible reasons:
#   The system is out of physical RAM or swap space
#   In 32 bit mode, the process size limit was hit
# Possible solutions:
#   Reduce memory load on the system
#   Increase physical memory or swap space
#   Check if swap backing store is full
#   Use 64 bit Java on a 64 bit OS
#   Decrease Java heap size (-Xmx/-Xms)
#   Decrease number of Java threads
#   Decrease Java thread stack sizes (-Xss)
#   Set larger code cache with -XX:ReservedCodeCacheSize=
# This output file may be truncated or incomplete.
#
#  Out of Memory Error (os_linux.cpp:2643), pid=10836, tid=0x00007fac13f30700
#
# JRE version:  (8.0_181-b13) (build )
# Java VM: OpenJDK 64-Bit Server VM (25.181-b13 mixed mode linux-amd64 compressed oops)
# Failed to write core dump. Core dumps have been disabled. To enable core dumping, try "ulimit -c unlimited" before starting Java again
#

---------------  T H R E A D  ---------------

Current thread (0x00007fac0c00a800):  JavaThread "Unknown thread" [_thread_in_vm, id=10837, stack(0x00007fac13e30000,0x00007fac13f31000)]

Stack: [0x00007fac13e30000,0x00007fac13f31000],  sp=0x00007fac13f2f610,  free space=1021k
Native frames: (J=compiled Java code, j=interpreted, Vv=VM code, C=native code)
V  [libjvm.so+0xa74020]
V  [libjvm.so+0x4c9abc]
V  [libjvm.so+0x8c1d58]
V  [libjvm.so+0x8bc2fe]
V  [libjvm.so+0x9376ae]
V  [libjvm.so+0x928133]
V  [libjvm.so+0x2b1421]
V  [libjvm.so+0x8e7252]
V  [libjvm.so+0xa382b1]
V  [libjvm.so+0xa38512]
V  [libjvm.so+0x61383f]
V  [libjvm.so+0xa1cdca]
V  [libjvm.so+0x68d621]  JNI_CreateJavaVM+0x61
C  [libjli.so+0x2f06]
C  [libjli.so+0x753d]
C  [libpthread.so.0+0x7494]  start_thread+0xc4


---------------  P R O C E S S  ---------------

Java Threads: ( => current thread )

Other Threads:

=>0x00007fac0c00a800 (exited) JavaThread "Unknown thread" [_thread_in_vm, id=10837, stack(0x00007fac13e30000,0x00007fac13f31000)]

VM state:not at safepoint (not fully initialized)

VM Mutex/Monitor currently owned by a thread: None

GC Heap History (0 events):
No events

Deoptimization events (0 events):
No events

Classes redefined (0 events):
No events

Internal exceptions (0 events):
No events

Events (0 events):
No events


Dynamic libraries:
eab00000-100000000 rw-p 00000000 00:00 0 
5602c08a8000-5602c08a9000 r-xp 00000000 ca:01 271644                     /usr/lib/jvm/java-8-openjdk-amd64/jre/bin/java
5602c0aa8000-5602c0aa9000 r--p 00000000 ca:01 271644                     /usr/lib/jvm/java-8-openjdk-amd64/jre/bin/java
5602c0aa9000-5602c0aaa000 rw-p 00001000 ca:01 271644                     /usr/lib/jvm/java-8-openjdk-amd64/jre/bin/java
5602c2407000-5602c2428000 rw-p 00000000 00:00 0                          [heap]
7fac04000000-7fac04270000 rwxp 00000000 00:00 0 
7fac04270000-7fac0c000000 ---p 00000000 00:00 0 
7fac0c000000-7fac0c032000 rw-p 00000000 00:00 0 
7fac0c032000-7fac10000000 ---p 00000000 00:00 0 
7fac10482000-7fac105d7000 ---p 00000000 00:00 0 
7fac105d7000-7fac1068d000 rw-p 00000000 00:00 0 
7fac1068d000-7fac10883000 ---p 00000000 00:00 0 
7fac10883000-7fac1088b000 r-xp 00000000 ca:01 271690                     /usr/lib/jvm/java-8-openjdk-amd64/jre/lib/amd64/libzip.so
7fac1088b000-7fac10a8a000 ---p 00008000 ca:01 271690                     /usr/lib/jvm/java-8-openjdk-amd64/jre/lib/amd64/libzip.so
7fac10a8a000-7fac10a8b000 r--p 00007000 ca:01 271690                     /usr/lib/jvm/java-8-openjdk-amd64/jre/lib/amd64/libzip.so
7fac10a8b000-7fac10a8c000 rw-p 00008000 ca:01 271690                     /usr/lib/jvm/java-8-openjdk-amd64/jre/lib/amd64/libzip.so
7fac10a93000-7fac10a9d000 r-xp 00000000 ca:01 138491                     /lib/x86_64-linux-gnu/libnss_files-2.24.so
7fac10a9d000-7fac10c9d000 ---p 0000a000 ca:01 138491                     /lib/x86_64-linux-gnu/libnss_files-2.24.so
7fac10c9d000-7fac10c9e000 r--p 0000a000 ca:01 138491                     /lib/x86_64-linux-gnu/libnss_files-2.24.so
7fac10c9e000-7fac10c9f000 rw-p 0000b000 ca:01 138491                     /lib/x86_64-linux-gnu/libnss_files-2.24.so
7fac10c9f000-7fac10ca5000 rw-p 00000000 00:00 0 
7fac10cab000-7fac10cb6000 r-xp 00000000 ca:01 140250                     /lib/x86_64-linux-gnu/libnss_nis-2.24.so
7fac10cb6000-7fac10eb5000 ---p 0000b000 ca:01 140250                     /lib/x86_64-linux-gnu/libnss_nis-2.24.so
7fac10eb5000-7fac10eb6000 r--p 0000a000 ca:01 140250                     /lib/x86_64-linux-gnu/libnss_nis-2.24.so
7fac10eb6000-7fac10eb7000 rw-p 0000b000 ca:01 140250                     /lib/x86_64-linux-gnu/libnss_nis-2.24.so
7fac10ebb000-7fac10ecf000 r-xp 00000000 ca:01 132133                     /lib/x86_64-linux-gnu/libnsl-2.24.so
7fac10ecf000-7fac110cf000 ---p 00014000 ca:01 132133                     /lib/x86_64-linux-gnu/libnsl-2.24.so
7fac110cf000-7fac110d0000 r--p 00014000 ca:01 132133                     /lib/x86_64-linux-gnu/libnsl-2.24.so
7fac110d0000-7fac110d1000 rw-p 00015000 ca:01 132133                     /lib/x86_64-linux-gnu/libnsl-2.24.so
7fac110d1000-7fac110d3000 rw-p 00000000 00:00 0 
7fac110d3000-7fac110da000 r-xp 00000000 ca:01 132134                     /lib/x86_64-linux-gnu/libnss_compat-2.24.so
7fac110da000-7fac112d9000 ---p 00007000 ca:01 132134                     /lib/x86_64-linux-gnu/libnss_compat-2.24.so
7fac112d9000-7fac112da000 r--p 00006000 ca:01 132134                     /lib/x86_64-linux-gnu/libnss_compat-2.24.so
7fac112da000-7fac112db000 rw-p 00007000 ca:01 132134                     /lib/x86_64-linux-gnu/libnss_compat-2.24.so
7fac112db000-7fac11308000 r-xp 00000000 ca:01 271671                     /usr/lib/jvm/java-8-openjdk-amd64/jre/lib/amd64/libjava.so
7fac11308000-7fac11508000 ---p 0002d000 ca:01 271671                     /usr/lib/jvm/java-8-openjdk-amd64/jre/lib/amd64/libjava.so
7fac11508000-7fac11509000 r--p 0002d000 ca:01 271671                     /usr/lib/jvm/java-8-openjdk-amd64/jre/lib/amd64/libjava.so
7fac11509000-7fac1150b000 rw-p 0002e000 ca:01 271671                     /usr/lib/jvm/java-8-openjdk-amd64/jre/lib/amd64/libjava.so
7fac1150b000-7fac1151a000 r-xp 00000000 ca:01 271689                     /usr/lib/jvm/java-8-openjdk-amd64/jre/lib/amd64/libverify.so
7fac1151a000-7fac1171a000 ---p 0000f000 ca:01 271689                     /usr/lib/jvm/java-8-openjdk-amd64/jre/lib/amd64/libverify.so
7fac1171a000-7fac1171c000 r--p 0000f000 ca:01 271689                     /usr/lib/jvm/java-8-openjdk-amd64/jre/lib/amd64/libverify.so
7fac1171c000-7fac1171d000 rw-p 00011000 ca:01 271689                     /usr/lib/jvm/java-8-openjdk-amd64/jre/lib/amd64/libverify.so
7fac11723000-7fac1172a000 r-xp 00000000 ca:01 140255                     /lib/x86_64-linux-gnu/librt-2.24.so
7fac1172a000-7fac11929000 ---p 00007000 ca:01 140255                     /lib/x86_64-linux-gnu/librt-2.24.so
7fac11929000-7fac1192a000 r--p 00006000 ca:01 140255                     /lib/x86_64-linux-gnu/librt-2.24.so
7fac1192a000-7fac1192b000 rw-p 00007000 ca:01 140255                     /lib/x86_64-linux-gnu/librt-2.24.so
7fac1192b000-7fac11941000 r-xp 00000000 ca:01 131797                     /lib/x86_64-linux-gnu/libgcc_s.so.1
7fac11941000-7fac11b40000 ---p 00016000 ca:01 131797                     /lib/x86_64-linux-gnu/libgcc_s.so.1
7fac11b40000-7fac11b41000 r--p 00015000 ca:01 131797                     /lib/x86_64-linux-gnu/libgcc_s.so.1
7fac11b41000-7fac11b42000 rw-p 00016000 ca:01 131797                     /lib/x86_64-linux-gnu/libgcc_s.so.1
7fac11b43000-7fac11c46000 r-xp 00000000 ca:01 132130                     /lib/x86_64-linux-gnu/libm-2.24.so
7fac11c46000-7fac11e45000 ---p 00103000 ca:01 132130                     /lib/x86_64-linux-gnu/libm-2.24.so
7fac11e45000-7fac11e46000 r--p 00102000 ca:01 132130                     /lib/x86_64-linux-gnu/libm-2.24.so
7fac11e46000-7fac11e47000 rw-p 00103000 ca:01 132130                     /lib/x86_64-linux-gnu/libm-2.24.so
7fac11e4b000-7fac11fbd000 r-xp 00000000 ca:01 131088                     /usr/lib/x86_64-linux-gnu/libstdc++.so.6.0.22
7fac11fbd000-7fac121bd000 ---p 00172000 ca:01 131088                     /usr/lib/x86_64-linux-gnu/libstdc++.so.6.0.22
7fac121bd000-7fac121c7000 r--p 00172000 ca:01 131088                     /usr/lib/x86_64-linux-gnu/libstdc++.so.6.0.22
7fac121c7000-7fac121c9000 rw-p 0017c000 ca:01 131088                     /usr/lib/x86_64-linux-gnu/libstdc++.so.6.0.22
7fac121c9000-7fac121cd000 rw-p 00000000 00:00 0 
7fac121d3000-7fac12e32000 r-xp 00000000 ca:01 271693                     /usr/lib/jvm/java-8-openjdk-amd64/jre/lib/amd64/server/libjvm.so
7fac12e32000-7fac13031000 ---p 00c5f000 ca:01 271693                     /usr/lib/jvm/java-8-openjdk-amd64/jre/lib/amd64/server/libjvm.so
7fac13031000-7fac130c5000 r--p 00c5e000 ca:01 271693                     /usr/lib/jvm/java-8-openjdk-amd64/jre/lib/amd64/server/libjvm.so
7fac130c5000-7fac130ee000 rw-p 00cf2000 ca:01 271693                     /usr/lib/jvm/java-8-openjdk-amd64/jre/lib/amd64/server/libjvm.so
7fac130ee000-7fac1311e000 rw-p 00000000 00:00 0 
7fac13123000-7fac132b8000 r-xp 00000000 ca:01 132124                     /lib/x86_64-linux-gnu/libc-2.24.so
7fac132b8000-7fac134b8000 ---p 00195000 ca:01 132124                     /lib/x86_64-linux-gnu/libc-2.24.so
7fac134b8000-7fac134bc000 r--p 00195000 ca:01 132124                     /lib/x86_64-linux-gnu/libc-2.24.so
7fac134bc000-7fac134be000 rw-p 00199000 ca:01 132124                     /lib/x86_64-linux-gnu/libc-2.24.so
7fac134be000-7fac134c2000 rw-p 00000000 00:00 0 
7fac134c3000-7fac134c6000 r-xp 00000000 ca:01 132129                     /lib/x86_64-linux-gnu/libdl-2.24.so
7fac134c6000-7fac136c5000 ---p 00003000 ca:01 132129                     /lib/x86_64-linux-gnu/libdl-2.24.so
7fac136c5000-7fac136c6000 r--p 00002000 ca:01 132129                     /lib/x86_64-linux-gnu/libdl-2.24.so
7fac136c6000-7fac136c7000 rw-p 00003000 ca:01 132129                     /lib/x86_64-linux-gnu/libdl-2.24.so
7fac136cb000-7fac136d8000 r-xp 00000000 ca:01 271657                     /usr/lib/jvm/java-8-openjdk-amd64/jre/lib/amd64/jli/libjli.so
7fac136d8000-7fac138d8000 ---p 0000d000 ca:01 271657                     /usr/lib/jvm/java-8-openjdk-amd64/jre/lib/amd64/jli/libjli.so
7fac138d8000-7fac138d9000 r--p 0000d000 ca:01 271657                     /usr/lib/jvm/java-8-openjdk-amd64/jre/lib/amd64/jli/libjli.so
7fac138d9000-7fac138da000 rw-p 0000e000 ca:01 271657                     /usr/lib/jvm/java-8-openjdk-amd64/jre/lib/amd64/jli/libjli.so
7fac138db000-7fac138f4000 r-xp 00000000 ca:01 132926                     /lib/x86_64-linux-gnu/libz.so.1.2.8
7fac138f4000-7fac13af3000 ---p 00019000 ca:01 132926                     /lib/x86_64-linux-gnu/libz.so.1.2.8
7fac13af3000-7fac13af4000 r--p 00018000 ca:01 132926                     /lib/x86_64-linux-gnu/libz.so.1.2.8
7fac13af4000-7fac13af5000 rw-p 00019000 ca:01 132926                     /lib/x86_64-linux-gnu/libz.so.1.2.8
7fac13afb000-7fac13b13000 r-xp 00000000 ca:01 140253                     /lib/x86_64-linux-gnu/libpthread-2.24.so
7fac13b13000-7fac13d12000 ---p 00018000 ca:01 140253                     /lib/x86_64-linux-gnu/libpthread-2.24.so
7fac13d12000-7fac13d13000 r--p 00017000 ca:01 140253                     /lib/x86_64-linux-gnu/libpthread-2.24.so
7fac13d13000-7fac13d14000 rw-p 00018000 ca:01 140253                     /lib/x86_64-linux-gnu/libpthread-2.24.so
7fac13d14000-7fac13d18000 rw-p 00000000 00:00 0 
7fac13d1b000-7fac13d3e000 r-xp 00000000 ca:01 132116                     /lib/x86_64-linux-gnu/ld-2.24.so
7fac13e23000-7fac13e2b000 rw-s 00000000 ca:01 159039                     /tmp/hsperfdata_s0549108/10836
7fac13e30000-7fac13e33000 ---p 00000000 00:00 0 
7fac13e33000-7fac13f33000 rw-p 00000000 00:00 0 
7fac13f39000-7fac13f3a000 rw-p 00000000 00:00 0 
7fac13f3a000-7fac13f3b000 r--p 00000000 00:00 0 
7fac13f3b000-7fac13f3e000 rw-p 00000000 00:00 0 
7fac13f3e000-7fac13f3f000 r--p 00023000 ca:01 132116                     /lib/x86_64-linux-gnu/ld-2.24.so
7fac13f3f000-7fac13f40000 rw-p 00024000 ca:01 132116                     /lib/x86_64-linux-gnu/ld-2.24.so
7fac13f40000-7fac13f41000 rw-p 00000000 00:00 0 
7ffd1a9d0000-7ffd1a9f1000 rw-p 00000000 00:00 0                          [stack]
7ffd1aa03000-7ffd1aa05000 r--p 00000000 00:00 0                          [vvar]
7ffd1aa05000-7ffd1aa07000 r-xp 00000000 00:00 0                          [vdso]
ffffffffff600000-ffffffffff601000 r-xp 00000000 00:00 0                  [vsyscall]

VM Arguments:
jvm_args: -Xms1024m -Xmx1024m -XX:ReservedCodeCacheSize=128m -XX:MaxMetaspaceSize=256m 
java_command: /usr/share/sbt/bin/sbt-launch.jar run
java_class_path (initial): /usr/share/sbt/bin/sbt-launch.jar
Launcher Type: SUN_STANDARD

Environment Variables:
PATH=/usr/local/bin:/usr/bin:/bin:/usr/local/games:/usr/games
SHELL=/bin/bash

Signal Handlers:
SIGSEGV: [libjvm.so+0xa74ac0], sa_mask[0]=11111111011111111101111111111110, sa_flags=SA_RESTART|SA_SIGINFO
SIGBUS: [libjvm.so+0xa74ac0], sa_mask[0]=11111111011111111101111111111110, sa_flags=SA_RESTART|SA_SIGINFO
SIGFPE: [libjvm.so+0x8bd490], sa_mask[0]=11111111011111111101111111111110, sa_flags=SA_RESTART|SA_SIGINFO
SIGPIPE: [libjvm.so+0x8bd490], sa_mask[0]=11111111011111111101111111111110, sa_flags=SA_RESTART|SA_SIGINFO
SIGXFSZ: [libjvm.so+0x8bd490], sa_mask[0]=11111111011111111101111111111110, sa_flags=SA_RESTART|SA_SIGINFO
SIGILL: [libjvm.so+0x8bd490], sa_mask[0]=11111111011111111101111111111110, sa_flags=SA_RESTART|SA_SIGINFO
SIGUSR1: SIG_DFL, sa_mask[0]=00000000000000000000000000000000, sa_flags=none
SIGUSR2: [libjvm.so+0x8bd340], sa_mask[0]=00000000000000000000000000000000, sa_flags=SA_RESTART|SA_SIGINFO
SIGHUP: SIG_DFL, sa_mask[0]=00000000000000000000000000000000, sa_flags=none
SIGINT: SIG_DFL, sa_mask[0]=00000000000000000000000000000000, sa_flags=none
SIGTERM: SIG_DFL, sa_mask[0]=00000000000000000000000000000000, sa_flags=none
SIGQUIT: SIG_DFL, sa_mask[0]=00000000000000000000000000000000, sa_flags=none


---------------  S Y S T E M  ---------------

OS:PRETTY_NAME="Debian GNU/Linux 9 (stretch)"
NAME="Debian GNU/Linux"
VERSION_ID="9"
VERSION="9 (stretch)"
ID=debian
HOME_URL="https://www.debian.org/"
SUPPORT_URL="https://www.debian.org/support"
BUG_REPORT_URL="https://bugs.debian.org/"

uname:Linux 4.9.0-4-amd64 #1 SMP Debian 4.9.51-1 (2017-09-28) x86_64
libc:glibc 2.24 NPTL 2.24 
rlimit: STACK 8192k, CORE 0k, NPROC 7751, NOFILE 1048576, AS infinity
load average:0.83 0.46 0.26

/proc/meminfo:
MemTotal:        2044296 kB
MemFree:           48212 kB
MemAvailable:     635984 kB
Buffers:           41228 kB
Cached:           496952 kB
SwapCached:            0 kB
Active:          1598860 kB
Inactive:         251120 kB
Active(anon):    1313236 kB
Inactive(anon):     3920 kB
Active(file):     285624 kB
Inactive(file):   247200 kB
Unevictable:           0 kB
Mlocked:               0 kB
SwapTotal:             0 kB
SwapFree:              0 kB
Dirty:               256 kB
Writeback:             0 kB
AnonPages:       1311780 kB
Mapped:            61956 kB
Shmem:              5356 kB
Slab:             100392 kB
SReclaimable:      87440 kB
SUnreclaim:        12952 kB
KernelStack:        3296 kB
PageTables:         8220 kB
NFS_Unstable:          0 kB
Bounce:                0 kB
WritebackTmp:          0 kB
CommitLimit:     1022148 kB
Committed_AS:    3558732 kB
VmallocTotal:   34359738367 kB
VmallocUsed:           0 kB
VmallocChunk:          0 kB
HardwareCorrupted:     0 kB
AnonHugePages:         0 kB
ShmemHugePages:        0 kB
ShmemPmdMapped:        0 kB
DirectMap4k:     2097152 kB
DirectMap2M:           0 kB


CPU:total 2 (initial active 2) (12 cores per cpu, 1 threads per core) family 21 model 2 stepping 0, cmov, cx8, fxsr, mmx, sse, sse2, sse3, ssse3, sse4.1, sse4.2, popcnt, avx, aes, clmul, mmxext, lzcnt, sse4a, tsc, tscinvbit, tscinv, bmi1

/proc/cpuinfo:
processor	: 0
vendor_id	: AuthenticAMD
cpu family	: 21
model		: 2
model name	: AMD Opteron(tm) Processor 6344
stepping	: 0
microcode	: 0x6000832
cpu MHz		: 2600.044
cache size	: 2048 KB
physical id	: 0
siblings	: 1
core id		: 0
cpu cores	: 1
apicid		: 0
initial apicid	: 0
fpu		: yes
fpu_exception	: yes
cpuid level	: 13
wp		: yes
flags		: fpu de tsc msr pae mce cx8 apic mca cmov pat clflush mmx fxsr sse sse2 ht syscall nx mmxext fxsr_opt lm rep_good nopl extd_apicid eagerfpu pni pclmulqdq ssse3 fma cx16 sse4_1 sse4_2 popcnt aes xsave avx f16c hypervisor lahf_lm cmp_legacy abm sse4a misalignsse 3dnowprefetch xop fma4 tbm vmmcall bmi1 arat
bugs		: fxsave_leak null_seg
bogomips	: 5200.08
TLB size	: 1536 4K pages
clflush size	: 64
cache_alignment	: 64
address sizes	: 48 bits physical, 48 bits virtual
power management:

processor	: 1
vendor_id	: AuthenticAMD
cpu family	: 21
model		: 2
model name	: AMD Opteron(tm) Processor 6344
stepping	: 0
microcode	: 0x6000832
cpu MHz		: 2600.044
cache size	: 2048 KB
physical id	: 0
siblings	: 1
core id		: 0
cpu cores	: 1
apicid		: 0
initial apicid	: 0
fpu		: yes
fpu_exception	: yes
cpuid level	: 13
wp		: yes
flags		: fpu de tsc msr pae mce cx8 apic mca cmov pat clflush mmx fxsr sse sse2 ht syscall nx mmxext fxsr_opt lm rep_good nopl extd_apicid eagerfpu pni pclmulqdq ssse3 fma cx16 sse4_1 sse4_2 popcnt aes xsave avx f16c hypervisor lahf_lm cmp_legacy abm sse4a misalignsse 3dnowprefetch xop fma4 tbm vmmcall bmi1 arat
bugs		: fxsave_leak null_seg
bogomips	: 5200.08
TLB size	: 1536 4K pages
clflush size	: 64
cache_alignment	: 64
address sizes	: 48 bits physical, 48 bits virtual
power management:



Memory: 4k page, physical 2044296k(48088k free), swap 0k(0k free)

vm_info: OpenJDK 64-Bit Server VM (25.181-b13) for linux-amd64 JRE (1.8.0_181-8u181-b13-1~deb9u1-b13), built on Aug  9 2018 22:11:51 by "pbuilder" with gcc 6.3.0 20170516

time: Mon Oct 22 21:02:40 2018
elapsed time: 0 seconds (0d 0h 0m 0s)

